<?xml version="1.0" encoding="UTF-8"?>
<!-- Generated by org.testng.reporters.JUnitReportReporter -->
<testsuite hostname="DDC2-D-44T5N62" name="Sign_up_fb" tests="1" failures="0" timestamp="13 Dec 2019 05:13:06 GMT" time="3.847" errors="0">
  <testcase name="sign_up" time="3.847" classname="Sign_up_fb"/>
</testsuite> <!-- Sign_up_fb -->
