<?xml version="1.0" encoding="UTF-8"?>
<!-- Generated by org.testng.reporters.JUnitReportReporter -->
<testsuite hostname="DDC2-D-44T5N62" name="Demo2_newtours" tests="1" failures="0" timestamp="13 Dec 2019 04:39:03 GMT" time="11.806" errors="0">
  <testcase name="register" time="11.806" classname="Demo2_newtours"/>
</testsuite> <!-- Demo2_newtours -->
