<?xml version="1.0" encoding="UTF-8"?>
<!-- Generated by org.testng.reporters.JUnitReportReporter -->
<testsuite hostname="DDC2-D-44T5N62" name="Acc_selenium01.Hdfc_netbanking" tests="1" failures="0" timestamp="16 Dec 2019 06:29:43 GMT" time="19.709" errors="0">
  <testcase name="user_id" time="19.709" classname="Acc_selenium01.Hdfc_netbanking"/>
</testsuite> <!-- Acc_selenium01.Hdfc_netbanking -->
