<?xml version="1.0" encoding="UTF-8"?>
<!-- Generated by org.testng.reporters.JUnitReportReporter -->
<testsuite name="com.acc_selenium_demo1.TestNG_demo2" tests="3" time="0.013" ignored="0" failures="0" timestamp="12 Dec 2019 05:23:47 GMT" skipped="0" hostname="DDC2-D-44T5N62" errors="0">
  <testcase name="gmail" time="0.000" classname="com.acc_selenium_demo1.TestNG_demo2"/>
  <testcase name="facebook" time="0.000" classname="com.acc_selenium_demo1.TestNG_demo2"/>
  <testcase name="google" time="0.013" classname="com.acc_selenium_demo1.TestNG_demo2"/>
</testsuite> <!-- com.acc_selenium_demo1.TestNG_demo2 -->
