<?xml version="1.0" encoding="UTF-8"?>
<!-- Generated by org.testng.reporters.JUnitReportReporter -->
<testsuite name="com.acc_selenium_demo1.Demo2_newtours" tests="1" time="100.444" ignored="0" failures="0" timestamp="12 Dec 2019 05:23:47 GMT" skipped="0" hostname="DDC2-D-44T5N62" errors="0">
  <testcase name="register" time="100.444" classname="com.acc_selenium_demo1.Demo2_newtours"/>
</testsuite> <!-- com.acc_selenium_demo1.Demo2_newtours -->
