<?xml version="1.0" encoding="UTF-8"?>
<!-- Generated by org.testng.reporters.JUnitReportReporter -->
<testsuite name="com.acc_selenium_demo1.Test_me_app_signup" tests="1" time="12.635" ignored="0" failures="0" timestamp="12 Dec 2019 07:55:03 GMT" skipped="0" hostname="DDC2-D-44T5N62" errors="0">
  <testcase name="sign_up" time="12.635" classname="com.acc_selenium_demo1.Test_me_app_signup"/>
</testsuite> <!-- com.acc_selenium_demo1.Test_me_app_signup -->
