<?xml version="1.0" encoding="UTF-8"?>
<!-- Generated by org.testng.reporters.JUnitReportReporter -->
<testsuite name="com.acc_selenium_demo1.Rediff_practise" tests="1" time="3.345" ignored="0" failures="0" timestamp="12 Dec 2019 11:07:34 GMT" skipped="0" hostname="DDC2-D-44T5N62" errors="0">
  <testcase name="account" time="3.345" classname="com.acc_selenium_demo1.Rediff_practise"/>
</testsuite> <!-- com.acc_selenium_demo1.Rediff_practise -->
