<?xml version="1.0" encoding="UTF-8"?>
<!-- Generated by org.testng.reporters.JUnitReportReporter -->
<testsuite name="com.acc_selenium_demo1.TestNG_demo1" tests="1" time="0.007" ignored="0" failures="0" timestamp="12 Dec 2019 05:23:47 GMT" skipped="0" hostname="DDC2-D-44T5N62" errors="0">
  <testcase name="login" time="0.007" classname="com.acc_selenium_demo1.TestNG_demo1"/>
</testsuite> <!-- com.acc_selenium_demo1.TestNG_demo1 -->
