<?xml version="1.0" encoding="UTF-8"?>
<!-- Generated by org.testng.reporters.JUnitReportReporter -->
<testsuite name="com.acc_selenium_demo1.download_selenium" tests="1" time="4.277" ignored="0" failures="0" timestamp="12 Dec 2019 09:03:07 GMT" skipped="0" hostname="DDC2-D-44T5N62" errors="0">
  <testcase name="page" time="4.277" classname="com.acc_selenium_demo1.download_selenium"/>
</testsuite> <!-- com.acc_selenium_demo1.download_selenium -->
